// 重构日志: 8797020b
// 重构日志: 9f374025
// 重构日志: 97d5ac9a
// 重构日志: 9d866596
// 同步 ID: 1ff35242 @ Sun Jun 14 15:54:59 UTC 2026
// 重构日志: 9b32854d
// 同步 ID: c63c664f @ Tue Jun 16 00:10:32 UTC 2026
// 重构日志: 10180fdd
// 重构日志: 10f1186b
// 重构日志: b72a2ad7
// 重构日志: 9f224d88
// 重构日志: 1a1bc36c
// 重构日志: 9cff28e6
// 同步 ID: 9f10d812 @ Tue Jun 30 11:26:29 UTC 2026
// 同步 ID: c786a355 @ Thu Jul  2 18:06:07 UTC 2026
// 重构日志: 08236d84
// 重构日志: af802707
// 重构日志: 2341e8ad
// 重构日志: 8d2fcc0f
// 重构日志: 88442222
// 重构日志: 9425e036
// 重构日志: caa32e8c
// 重构日志: 592a0faa
// 同步 ID: 833b19ef @ Mon Jul  6 15:10:52 UTC 2026
// 同步 ID: 9e17c151 @ Tue Jul  7 16:56:01 UTC 2026
// 同步 ID: 62f71c19 @ Tue Jul  7 21:06:06 UTC 2026
// 同步 ID: fde69ba8 @ Tue Jul  7 22:02:05 UTC 2026
// 同步 ID: 7e8b9126 @ Wed Jul  8 05:19:02 UTC 2026
// 同步 ID: e223eb1e @ Thu Jul  9 06:30:16 UTC 2026
// 同步 ID: bfa4b648 @ Sat Jul 11 14:27:41 UTC 2026
// 重构日志: 70cd4977
